2021-10-31 Time: 13:58:11
Laptop properties:
OS name : Linux Ubuntu 20.04.3 LTS
Architecture : x86_64
CPU op-mode(s) : 32-bit, 64-bit
Available processors (cores) : 8
RAM total : 7,4Gi
CPU model : Intel(R) Core(TM) i5-10210U CPU @ 1.60GHz
2021-10-31 Time: 13:59:09
Results for 256m heap memory of CalcDemo class:
spend msec:21830, sec:21
2021-10-31 Time: 14:00:17
Results for 2g heap memory of CalcDemo class:
spend msec:13564, sec:13
2021-10-31 Time: 14:02:00
Results for 1g heap memory of CalcDemo class:
spend msec:14125, sec:14
2021-10-31 Time: 14:05:35
Results for 1200m heap memory of CalcDemo class:
spend msec:14410, sec:14
2021-10-31 Time: 14:06:45
Results for 1500m heap memory of CalcDemo class:
spend msec:14148, sec:14
2021-10-31 Time: 14:07:39
Results for 1800m heap memory of CalcDemo class:
spend msec:12782, sec:12
2021-10-31 Time: 14:08:38
Results for 1700m heap memory of CalcDemo class:
spend msec:12500, sec:12
2021-10-31 Time: 14:09:38
Results for 1600m heap memory of CalcDemo class:
spend msec:13850, sec:13
2021-10-31 Time: 14:11:00
Results for 900m heap memory of CalcDemo class:
spend msec:15014, sec:15
2021-10-31 Time: 14:12:19
Results for 700m heap memory of CalcDemo class:
spend msec:15199, sec:15
2021-10-31 Time: 14:13:06
Results for 500m heap memory of CalcDemo class:
spend msec:15483, sec:15
2021-10-31 Time: 14:13:58
Results for 400m heap memory of CalcDemo class:
spend msec:17103, sec:17
2021-10-31 Time: 14:37:25
Results for 500m heap memory of CalcDemo class:
spend msec:15384, sec:15
2021-10-31 Time: 14:37:43
Results for 500m heap memory of CalcDemo class:
spend msec:15425, sec:15
2021-10-31 Time: 14:38:01
Results for 500m heap memory of CalcDemo class:
spend msec:15383, sec:15
